Express server listening on port 30000
mongoose connect successfully..
getAccessToken function exit..

facebook feeds save start...
facebook feed already exists..
facebook feed already exists..
facebook feed already exists..
facebook feed already exists..
facebook feed insert ok!
facebook feed insert ok!
facebook feed insert ok!
facebook feed already exists..
facebook feed already exists..
facebook feed already exists..
facebook feed already exists..
facebook feed already exists..
facebook feed already exists..
facebook feed already exists..
facebook feed already exists..
facebook feed already exists..
facebook feed already exists..
facebook feed already exists..
facebook feed already exists..
facebook feed already exists..
facebook feed already exists..
facebook feed already exists..
facebook feed already exists..
facebook feed insert ok!
facebook feed insert ok!

facebook feeds save start...
facebook feed already exists..
facebook feed already exists..
facebook feed already exists..
facebook feed already exists..
facebook feed already exists..
facebook feed already exists..
facebook feed already exists..
facebook feed already exists..
facebook feed already exists..
facebook feed already exists..
facebook feed already exists..
facebook feed already exists..
facebook feed already exists..
facebook feed already exists..
facebook feed already exists..
facebook feed already exists..
facebook feed already exists..
facebook feed already exists..
facebook feed already exists..
facebook feed already exists..
facebook feed already exists..
facebook feed already exists..
facebook feed already exists..
facebook feed already exists..
facebook feed already exists..


dcinside feeds save starts...
dcinside feed already exists..
dcinside feed already exists..
dcinside feed already exists..
dcinside feed already exists..
dcinside feed already exists..
dcinside feed already exists..
dcinside feed already exists..
dcinside feed already exists..
dcinside feed already exists..
dcinside feed already exists..
dcinside feed already exists..
dcinside feed already exists..
dcinside feed already exists..
dcinside feed already exists..
dcinside feed already exists..
dcinside feed already exists..
dcinside feed already exists..
dcinside feed already exists..
dcinside feed already exists..
dcinside feed already exists..
dcinside feed already exists..
dcinside feed already exists..
dcinside feed already exists..
dcinside feed already exists..
dcinside feed already exists..
dcinside feed already exists..
dcinside feed already exists..
dcinside feed already exists..
dcinside feed already exists..
dcinside feed already exists..
dcinside feed already exists..
dcinside feed already exists..
dcinside feed already exists..
dcinside feed already exists..
dcinside feed already exists..
dcinside feed already exists..
dcinside feed already exists..
dcinside feed already exists..
dcinside feed already exists..
dcinside feed already exists..
dcinside feed already exists..
dcinside feed already exists..
dcinside feed already exists..
dcinside feed already exists..
dcinside feed already exists..
dcinside feed already exists..
dcinside feed already exists..
dcinside feed already exists..
dcinside feed already exists..
dcinside feed already exists..
dcinside feed already exists..
dcinside feed already exists..
dcinside feed already exists..
dcinside feed already exists..
dcinside feed already exists..
dcinside feed already exists..
dcinside feed already exists..
dcinside feed already exists..
dcinside feed already exists..
dcinside feed already exists..
dcinside feed already exists..
dcinside feed already exists..
dcinside feed already exists..
dcinside feed already exists..
dcinside feed already exists..
dcinside feed already exists..
dcinside feed already exists..
dcinside feed already exists..
dcinside feed already exists..
dcinside feed already exists..
dcinside feed already exists..
dcinside feed already exists..
dcinside feed already exists..
dcinside feed already exists..
dcinside feed already exists..
dcinside feed already exists..
dcinside feed already exists..
dcinside feed already exists..
dcinside feed already exists..
dcinside feed already exists..
dcinside feed already exists..
dcinside feed already exists..
dcinside feed already exists..
dcinside feed already exists..
dcinside feed already exists..
dcinside feed already exists..
dcinside feed already exists..
dcinside feed already exists..
dcinside feed already exists..
dcinside feed already exists..
dcinside feed already exists..
dcinside feed already exists..
dcinside feed already exists..
dcinside feed already exists..
dcinside feed already exists..
dcinside feed already exists..
dcinside feed already exists..
dcinside feed already exists..
dcinside feed already exists..
dcinside feed already exists..
dcinside feed already exists..
dcinside feed already exists..
dcinside feed already exists..
dcinside feed already exists..
dcinside feed already exists..
dcinside feed already exists..
dcinside feed already exists..
dcinside feed already exists..
dcinside feed already exists..
dcinside feed already exists..
dcinside feed already exists..
dcinside feed already exists..
dcinside feed already exists..
dcinside feed already exists..
dcinside feed already exists..
dcinside feed already exists..
dcinside feed already exists..
dcinside feed already exists..
dcinside feed already exists..
dcinside feed already exists..
dcinside feed already exists..
dcinside feed already exists..
dcinside feed already exists..
dcinside feed already exists..
dcinside feed already exists..
dcinside feed already exists..
dcinside feed already exists..
dcinside feed already exists..
dcinside feed already exists..
dcinside feed already exists..
dcinside feed already exists..
dcinside feed already exists..
dcinside feed already exists..
dcinside feed already exists..
